warning: unused import: `warn`
 --> crates/beyonder-acp/src/client.rs:9:21
  |
9 | use tracing::{info, warn};
  |                     ^^^^
  |
  = note: `#[warn(unused_imports)]` (part of `#[warn(unused)]`) on by default

warning: unused import: `JsonRpcResult`
  --> crates/beyonder-acp/src/client.rs:13:71
   |
13 |     ContentDelta, InitializeParams, InitializeResult, JsonRpcRequest, JsonRpcResult,
   |                                                                       ^^^^^^^^^^^^^

warning: unused imports: `Buf` and `BytesMut`
 --> crates/beyonder-acp/src/transport.rs:4:13
  |
4 | use bytes::{Buf, BytesMut};
  |             ^^^  ^^^^^^^^

warning: unused import: `JsonRpcResponse`
  --> crates/beyonder-acp/src/transport.rs:11:39
   |
11 | use crate::messages::{JsonRpcRequest, JsonRpcResponse};
   |                                       ^^^^^^^^^^^^^^^

warning: unreachable pattern
   --> crates/beyonder-acp/src/client.rs:236:21
    |
236 |                     _ => {}
    |                     ^ no value can reach this
    |
note: multiple earlier patterns match some of the same values
   --> crates/beyonder-acp/src/client.rs:236:21
    |
172 |                     AcpStreamEvent::ContentBlockDelta { index, delta } => {
    |                     -------------------------------------------------- matches some of the same values
...
185 |                     AcpStreamEvent::ContentBlockStart { index, content_block } => {
    |                     ---------------------------------------------------------- matches some of the same values
...
209 |                     AcpStreamEvent::ContentBlockStop { index } => {
    |                     ------------------------------------------ matches some of the same values
...
224 |                     AcpStreamEvent::MessageStop { stop_reason } => {
    |                     ------------------------------------------- matches some of the same values
...
236 |                     _ => {}
    |                     ^ ...and 1 other patterns collectively make this unreachable
    = note: `#[warn(unreachable_patterns)]` (part of `#[warn(unused)]`) on by default

warning: field `pending` is never read
  --> crates/beyonder-acp/src/client.rs:74:5
   |
70 | pub struct AcpClient {
   |            --------- field in this struct
...
74 |     pending: HashMap<u64, oneshot::Sender<serde_json::Value>>,
   |     ^^^^^^^
   |
   = note: `#[warn(dead_code)]` (part of `#[warn(unused)]`) on by default

warning: `beyonder-acp` (lib) generated 6 warnings (run `cargo fix --lib -p beyonder-acp` to apply 4 suggestions)
warning: unused import: `AgentId`
 --> crates/beyonder-gpu/src/renderer.rs:5:21
  |
5 | use beyonder_core::{AgentId, Block, BlockContent, BlockKind, BlockStatus, TuiCell};
  |                     ^^^^^^^
  |
  = note: `#[warn(unused_imports)]` (part of `#[warn(unused)]`) on by default

warning: unused imports: `BlockKind` and `BlockStatus`
 --> crates/beyonder-gpu/src/block_renderers/mod.rs:5:42
  |
5 | use beyonder_core::{Block, BlockContent, BlockKind, BlockStatus};
  |                                          ^^^^^^^^^  ^^^^^^^^^^^

warning: variable does not need to be mutable
   --> crates/beyonder-gpu/src/renderer.rs:721:18
    |
721 |             let (mut r, total_h) = self.layout_blocks();
    |                  ----^
    |                  |
    |                  help: remove this `mut`
    |
    = note: `#[warn(unused_mut)]` (part of `#[warn(unused)]`) on by default

warning: unused variable: `block`
   --> crates/beyonder-gpu/src/block_renderers/mod.rs:116:5
    |
116 |     block: &Block,
    |     ^^^^^ help: if this is intentional, prefix it with an underscore: `_block`
    |
    = note: `#[warn(unused_variables)]` (part of `#[warn(unused)]`) on by default

warning: unused import: `AgentState`
 --> crates/beyonder-runtime/src/supervisor.rs:5:52
  |
5 | use beyonder_core::{AgentId, AgentInfo, AgentKind, AgentState, CapabilitySet, DeathReason, SessionId};
  |                                                    ^^^^^^^^^^
  |
  = note: `#[warn(unused_imports)]` (part of `#[warn(unused)]`) on by default

warning: unused imports: `AgentId` and `SessionId`
 --> crates/beyonder-runtime/src/tools/executor.rs:3:21
  |
3 | use beyonder_core::{AgentId, SessionId};
  |                     ^^^^^^^  ^^^^^^^^^

   Compiling beyonder-terminal v0.1.0 (/Users/petersubrata/Projects/Beyonder/crates/beyonder-terminal)
warning: `beyonder-gpu` (lib) generated 4 warnings (run `cargo fix --lib -p beyonder-gpu` to apply 4 suggestions)
warning: `beyonder-runtime` (lib) generated 2 warnings (run `cargo fix --lib -p beyonder-runtime` to apply 2 suggestions)
warning: unused import: `error`
 --> crates/beyonder-terminal/src/pty.rs:9:15
  |
9 | use tracing::{error, info};
  |               ^^^^^
  |
  = note: `#[warn(unused_imports)]` (part of `#[warn(unused)]`) on by default

warning: field `child` is never read
  --> crates/beyonder-terminal/src/pty.rs:26:5
   |
21 | pub struct PtySession {
   |            ---------- field in this struct
...
26 |     child: Arc<Mutex<Box<dyn Child + Send + Sync>>>,
   |     ^^^^^
   |
   = note: `#[warn(dead_code)]` (part of `#[warn(unused)]`) on by default

   Compiling beyonder-ui v0.1.0 (/Users/petersubrata/Projects/Beyonder/crates/beyonder-ui)
warning: `beyonder-terminal` (lib) generated 2 warnings (run `cargo fix --lib -p beyonder-terminal` to apply 1 suggestion)
warning: unused imports: `TerminalCell`, `TerminalOutput`, and `TerminalRow`
 --> crates/beyonder-ui/src/app.rs:6:5
  |
6 |     TerminalCell, TerminalOutput, TerminalRow,
  |     ^^^^^^^^^^^^  ^^^^^^^^^^^^^^  ^^^^^^^^^^^
  |
  = note: `#[warn(unused_imports)]` (part of `#[warn(unused)]`) on by default

warning: unused import: `ApprovalDecision`
  --> crates/beyonder-ui/src/app.rs:12:25
   |
12 |     capability_broker::{ApprovalDecision, BrokerEvent, CapabilityBroker},
   |                         ^^^^^^^^^^^^^^^^

warning: unused variable: `pill_idx`
   --> crates/beyonder-ui/src/app.rs:614:34
    |
614 |                     if let Some((pill_idx, ref items, ref mut h)) = self.renderer.open_dropdown {
    |                                  ^^^^^^^^ help: if this is intentional, prefix it with an underscore: `_pill_idx`
    |
    = note: `#[warn(unused_variables)]` (part of `#[warn(unused)]`) on by default

warning: unused variable: `items`
   --> crates/beyonder-ui/src/app.rs:614:44
    |
614 |                     if let Some((pill_idx, ref items, ref mut h)) = self.renderer.open_dropdown {
    |                                            ^^^^^^^^^ help: if this is intentional, prefix it with an underscore: `_items`

warning: variable does not need to be mutable
    --> crates/beyonder-ui/src/app.rs:1439:13
     |
1439 |         let mut block = Block {
     |             ----^^^^^
     |             |
     |             help: remove this `mut`
     |
     = note: `#[warn(unused_mut)]` (part of `#[warn(unused)]`) on by default

warning: `beyonder-ui` (lib) generated 5 warnings (run `cargo fix --lib -p beyonder-ui` to apply 5 suggestions)
   Compiling beyonder v0.1.0 (/Users/petersubrata/Projects/Beyonder)
    Finished `dev` profile [optimized + debuginfo] target(s) in 1.17s
     Running `target/debug/beyonder`
[2m2026-04-15T16:17:06.355627Z[0m [32m INFO[0m [2mbeyonder_gpu::renderer[0m[2m:[0m bar text layout [3minput_scroll_px[0m[2m=[0m0.0 [3mtext_block_y[0m[2m=[0m1472.5999755859375 [3mtext_area_h[0m[2m=[0m44.79999923706055 [3mclip_top[0m[2m=[0m1472 [3mclip_bottom[0m[2m=[0m1517 [3mvisible_lines[0m[2m=[0m1 [3mrun_tops[0m[2m=[0m[0.0]
[2m2026-04-15T16:17:06.372098Z[0m [32m INFO[0m [2mbeyonder_gpu::renderer[0m[2m:[0m bar text layout [3minput_scroll_px[0m[2m=[0m0.0 [3mtext_block_y[0m[2m=[0m1472.5999755859375 [3mtext_area_h[0m[2m=[0m44.79999923706055 [3mclip_top[0m[2m=[0m1472 [3mclip_bottom[0m[2m=[0m1517 [3mvisible_lines[0m[2m=[0m1 [3mrun_tops[0m[2m=[0m[0.0]
[2m2026-04-15T16:17:06.389015Z[0m [32m INFO[0m [2mbeyonder_gpu::renderer[0m[2m:[0m bar text layout [3minput_scroll_px[0m[2m=[0m0.0 [3mtext_block_y[0m[2m=[0m1472.5999755859375 [3mtext_area_h[0m[2m=[0m44.79999923706055 [3mclip_top[0m[2m=[0m1472 [3mclip_bottom[0m[2m=[0m1517 [3mvisible_lines[0m[2m=[0m1 [3mrun_tops[0m[2m=[0m[0.0]
[2m2026-04-15T16:17:06.405576Z[0m [32m INFO[0m [2mbeyonder_gpu::renderer[0m[2m:[0m bar text layout [3minput_scroll_px[0m[2m=[0m0.0 [3mtext_block_y[0m[2m=[0m1472.5999755859375 [3mtext_area_h[0m[2m=[0m44.79999923706055 [3mclip_top[0m[2m=[0m1472 [3mclip_bottom[0m[2m=[0m1517 [3mvisible_lines[0m[2m=[0m1 [3mrun_tops[0m[2m=[0m[0.0]
[2m2026-04-15T16:17:06.422389Z[0m [32m INFO[0m [2mbeyonder_gpu::renderer[0m[2m:[0m bar text layout [3minput_scroll_px[0m[2m=[0m0.0 [3mtext_block_y[0m[2m=[0m1472.5999755859375 [3mtext_area_h[0m[2m=[0m44.79999923706055 [3mclip_top[0m[2m=[0m1472 [3mclip_bottom[0m[2m=[0m1517 [3mvisible_lines[0m[2m=[0m1 [3mrun_tops[0m[2m=[0m[0.0]
[2m2026-04-15T16:17:06.439240Z[0m [32m INFO[0m [2mbeyonder_gpu::renderer[0m[2m:[0m bar text layout [3minput_scroll_px[0m[2m=[0m0.0 [3mtext_block_y[0m[2m=[0m1472.5999755859375 [3mtext_area_h[0m[2m=[0m44.79999923706055 [3mclip_top[0m[2m=[0m1472 [3mclip_bottom[0m[2m=[0m1517 [3mvisible_lines[0m[2m=[0m1 [3mrun_tops[0m[2m=[0m[0.0]
[2m2026-04-15T16:17:06.455556Z[0m [32m INFO[0m [2mbeyonder_gpu::renderer[0m[2m:[0m bar text layout [3minput_scroll_px[0m[2m=[0m0.0 [3mtext_block_y[0m[2m=[0m1472.5999755859375 [3mtext_area_h[0m[2m=[0m44.79999923706055 [3mclip_top[0m[2m=[0m1472 [3mclip_bottom[0m[2m=[0m1517 [3mvisible_lines[0m[2m=[0m1 [3mrun_tops[0m[2m=[0m[0.0]
[2m2026-04-15T16:17:06.474240Z[0m [32m INFO[0m [2mbeyonder_gpu::renderer[0m[2m:[0m bar text layout [3minput_scroll_px[0m[2m=[0m0.0 [3mtext_block_y[0m[2m=[0m1472.5999755859375 [3mtext_area_h[0m[2m=[0m44.79999923706055 [3mclip_top[0m[2m=[0m1472 [3mclip_bottom[0m[2m=[0m1517 [3mvisible_lines[0m[2m=[0m1 [3mrun_tops[0m[2m=[0m[0.0]
[2m2026-04-15T16:17:06.488756Z[0m [32m INFO[0m [2mbeyonder_gpu::renderer[0m[2m:[0m bar text layout [3minput_scroll_px[0m[2m=[0m0.0 [3mtext_block_y[0m[2m=[0m1472.5999755859375 [3mtext_area_h[0m[2m=[0m44.79999923706055 [3mclip_top[0m[2m=[0m1472 [3mclip_bottom[0m[2m=[0m1517 [3mvisible_lines[0m[2m=[0m1 [3mrun_tops[0m[2m=[0m[0.0]
[2m2026-04-15T16:17:06.505395Z[0m [32m INFO[0m [2mbeyonder_gpu::renderer[0m[2m:[0m bar text layout [3minput_scroll_px[0m[2m=[0m0.0 [3mtext_block_y[0m[2m=[0m1472.5999755859375 [3mtext_area_h[0m[2m=[0m44.79999923706055 [3mclip_top[0m[2m=[0m1472 [3mclip_bottom[0m[2m=[0m1517 [3mvisible_lines[0m[2m=[0m1 [3mrun_tops[0m[2m=[0m[0.0]
[2m2026-04-15T16:17:06.522446Z[0m [32m INFO[0m [2mbeyonder_gpu::renderer[0m[2m:[0m bar text layout [3minput_scroll_px[0m[2m=[0m0.0 [3mtext_block_y[0m[2m=[0m1472.5999755859375 [3mtext_area_h[0m[2m=[0m44.79999923706055 [3mclip_top[0m[2m=[0m1472 [3mclip_bottom[0m[2m=[0m1517 [3mvisible_lines[0m[2m=[0m1 [3mrun_tops[0m[2m=[0m[0.0]
[2m2026-04-15T16:17:06.538792Z[0m [32m INFO[0m [2mbeyonder_gpu::renderer[0m[2m:[0m bar text layout [3minput_scroll_px[0m[2m=[0m0.0 [3mtext_block_y[0m[2m=[0m1472.5999755859375 [3mtext_area_h[0m[2m=[0m44.79999923706055 [3mclip_top[0m[2m=[0m1472 [3mclip_bottom[0m[2m=[0m1517 [3mvisible_lines[0m[2m=[0m1 [3mrun_tops[0m[2m=[0m[0.0]
[2m2026-04-15T16:17:06.556946Z[0m [32m INFO[0m [2mbeyonder_gpu::renderer[0m[2m:[0m bar text layout [3minput_scroll_px[0m[2m=[0m0.0 [3mtext_block_y[0m[2m=[0m1472.5999755859375 [3mtext_area_h[0m[2m=[0m44.79999923706055 [3mclip_top[0m[2m=[0m1472 [3mclip_bottom[0m[2m=[0m1517 [3mvisible_lines[0m[2m=[0m1 [3mrun_tops[0m[2m=[0m[0.0]
[2m2026-04-15T16:17:06.572043Z[0m [32m INFO[0m [2mbeyonder_gpu::renderer[0m[2m:[0m bar text layout [3minput_scroll_px[0m[2m=[0m0.0 [3mtext_block_y[0m[2m=[0m1472.5999755859375 [3mtext_area_h[0m[2m=[0m44.79999923706055 [3mclip_top[0m[2m=[0m1472 [3mclip_bottom[0m[2m=[0m1517 [3mvisible_lines[0m[2m=[0m1 [3mrun_tops[0m[2m=[0m[0.0]
[2m2026-04-15T16:17:06.588697Z[0m [32m INFO[0m [2mbeyonder_gpu::renderer[0m[2m:[0m bar text layout [3minput_scroll_px[0m[2m=[0m0.0 [3mtext_block_y[0m[2m=[0m1472.5999755859375 [3mtext_area_h[0m[2m=[0m44.79999923706055 [3mclip_top[0m[2m=[0m1472 [3mclip_bottom[0m[2m=[0m1517 [3mvisible_lines[0m[2m=[0m1 [3mrun_tops[0m[2m=[0m[0.0]
[2m2026-04-15T16:17:06.605344Z[0m [32m INFO[0m [2mbeyonder_gpu::renderer[0m[2m:[0m bar text layout [3minput_scroll_px[0m[2m=[0m0.0 [3mtext_block_y[0m[2m=[0m1472.5999755859375 [3mtext_area_h[0m[2m=[0m44.79999923706055 [3mclip_top[0m[2m=[0m1472 [3mclip_bottom[0m[2m=[0m1517 [3mvisible_lines[0m[2m=[0m1 [3mrun_tops[0m[2m=[0m[0.0]
[2m2026-04-15T16:17:06.622085Z[0m [32m INFO[0m [2mbeyonder_gpu::renderer[0m[2m:[0m bar text layout [3minput_scroll_px[0m[2m=[0m0.0 [3mtext_block_y[0m[2m=[0m1472.5999755859375 [3mtext_area_h[0m[2m=[0m44.79999923706055 [3mclip_top[0m[2m=[0m1472 [3mclip_bottom[0m[2m=[0m1517 [3mvisible_lines[0m[2m=[0m1 [3mrun_tops[0m[2m=[0m[0.0]
[2m2026-04-15T16:17:06.640295Z[0m [32m INFO[0m [2mbeyonder_gpu::renderer[0m[2m:[0m bar text layout [3minput_scroll_px[0m[2m=[0m0.0 [3mtext_block_y[0m[2m=[0m1472.5999755859375 [3mtext_area_h[0m[2m=[0m44.79999923706055 [3mclip_top[0m[2m=[0m1472 [3mclip_bottom[0m[2m=[0m1517 [3mvisible_lines[0m[2m=[0m1 [3mrun_tops[0m[2m=[0m[0.0]
[2m2026-04-15T16:17:06.655402Z[0m [32m INFO[0m [2mbeyonder_gpu::renderer[0m[2m:[0m bar text layout [3minput_scroll_px[0m[2m=[0m0.0 [3mtext_block_y[0m[2m=[0m1472.5999755859375 [3mtext_area_h[0m[2m=[0m44.79999923706055 [3mclip_top[0m[2m=[0m1472 [3mclip_bottom[0m[2m=[0m1517 [3mvisible_lines[0m[2m=[0m1 [3mrun_tops[0m[2m=[0m[0.0]
[2m2026-04-15T16:17:06.672268Z[0m [32m INFO[0m [2mbeyonder_gpu::renderer[0m[2m:[0m bar text layout [3minput_scroll_px[0m[2m=[0m0.0 [3mtext_block_y[0m[2m=[0m1472.5999755859375 [3mtext_area_h[0m[2m=[0m44.79999923706055 [3mclip_top[0m[2m=[0m1472 [3mclip_bottom[0m[2m=[0m1517 [3mvisible_lines[0m[2m=[0m1 [3mrun_tops[0m[2m=[0m[0.0]
[2m2026-04-15T16:17:06.689517Z[0m [32m INFO[0m [2mbeyonder_gpu::renderer[0m[2m:[0m bar text layout [3minput_scroll_px[0m[2m=[0m0.0 [3mtext_block_y[0m[2m=[0m1472.5999755859375 [3mtext_area_h[0m[2m=[0m44.79999923706055 [3mclip_top[0m[2m=[0m1472 [3mclip_bottom[0m[2m=[0m1517 [3mvisible_lines[0m[2m=[0m1 [3mrun_tops[0m[2m=[0m[0.0]
[2m2026-04-15T16:17:06.705618Z[0m [32m INFO[0m [2mbeyonder_gpu::renderer[0m[2m:[0m bar text layout [3minput_scroll_px[0m[2m=[0m0.0 [3mtext_block_y[0m[2m=[0m1472.5999755859375 [3mtext_area_h[0m[2m=[0m44.79999923706055 [3mclip_top[0m[2m=[0m1472 [3mclip_bottom[0m[2m=[0m1517 [3mvisible_lines[0m[2m=[0m1 [3mrun_tops[0m[2m=[0m[0.0]
[2m2026-04-15T16:17:06.725905Z[0m [32m INFO[0m [2mbeyonder_gpu::renderer[0m[2m:[0m bar text layout [3minput_scroll_px[0m[2m=[0m0.0 [3mtext_block_y[0m[2m=[0m1472.5999755859375 [3mtext_area_h[0m[2m=[0m44.79999923706055 [3mclip_top[0m[2m=[0m1472 [3mclip_bottom[0m[2m=[0m1517 [3mvisible_lines[0m[2m=[0m1 [3mrun_tops[0m[2m=[0m[0.0]
[2m2026-04-15T16:17:06.739687Z[0m [32m INFO[0m [2mbeyonder_gpu::renderer[0m[2m:[0m bar text layout [3minput_scroll_px[0m[2m=[0m0.0 [3mtext_block_y[0m[2m=[0m1472.5999755859375 [3mtext_area_h[0m[2m=[0m44.79999923706055 [3mclip_top[0m[2m=[0m1472 [3mclip_bottom[0m[2m=[0m1517 [3mvisible_lines[0m[2m=[0m1 [3mrun_tops[0m[2m=[0m[0.0]
[2m2026-04-15T16:17:06.755647Z[0m [32m INFO[0m [2mbeyonder_gpu::renderer[0m[2m:[0m bar text layout [3minput_scroll_px[0m[2m=[0m0.0 [3mtext_block_y[0m[2m=[0m1472.5999755859375 [3mtext_area_h[0m[2m=[0m44.79999923706055 [3mclip_top[0m[2m=[0m1472 [3mclip_bottom[0m[2m=[0m1517 [3mvisible_lines[0m[2m=[0m1 [3mrun_tops[0m[2m=[0m[0.0]
[2m2026-04-15T16:17:06.774375Z[0m [32m INFO[0m [2mbeyonder_gpu::renderer[0m[2m:[0m bar text layout [3minput_scroll_px[0m[2m=[0m0.0 [3mtext_block_y[0m[2m=[0m1472.5999755859375 [3mtext_area_h[0m[2m=[0m44.79999923706055 [3mclip_top[0m[2m=[0m1472 [3mclip_bottom[0m[2m=[0m1517 [3mvisible_lines[0m[2m=[0m1 [3mrun_tops[0m[2m=[0m[0.0]
[2m2026-04-15T16:17:06.789145Z[0m [32m INFO[0m [2mbeyonder_gpu::renderer[0m[2m:[0m bar text layout [3minput_scroll_px[0m[2m=[0m0.0 [3mtext_block_y[0m[2m=[0m1472.5999755859375 [3mtext_area_h[0m[2m=[0m44.79999923706055 [3mclip_top[0m[2m=[0m1472 [3mclip_bottom[0m[2m=[0m1517 [3mvisible_lines[0m[2m=[0m1 [3mrun_tops[0m[2m=[0m[0.0]
[2m2026-04-15T16:17:06.810430Z[0m [32m INFO[0m [2mbeyonder_gpu::renderer[0m[2m:[0m bar text layout [3minput_scroll_px[0m[2m=[0m0.0 [3mtext_block_y[0m[2m=[0m1472.5999755859375 [3mtext_area_h[0m[2m=[0m44.79999923706055 [3mclip_top[0m[2m=[0m1472 [3mclip_bottom[0m[2m=[0m1517 [3mvisible_lines[0m[2m=[0m1 [3mrun_tops[0m[2m=[0m[0.0]
[2m2026-04-15T16:17:06.823374Z[0m [32m INFO[0m [2mbeyonder_gpu::renderer[0m[2m:[0m bar text layout [3minput_scroll_px[0m[2m=[0m0.0 [3mtext_block_y[0m[2m=[0m1472.5999755859375 [3mtext_area_h[0m[2m=[0m44.79999923706055 [3mclip_top[0m[2m=[0m1472 [3mclip_bottom[0m[2m=[0m1517 [3mvisible_lines[0m[2m=[0m1 [3mrun_tops[0m[2m=[0m[0.0]
[2m2026-04-15T16:17:06.839735Z[0m [32m INFO[0m [2mbeyonder_gpu::renderer[0m[2m:[0m bar text layout [3minput_scroll_px[0m[2m=[0m0.0 [3mtext_block_y[0m[2m=[0m1472.5999755859375 [3mtext_area_h[0m[2m=[0m44.79999923706055 [3mclip_top[0m[2m=[0m1472 [3mclip_bottom[0m[2m=[0m1517 [3mvisible_lines[0m[2m=[0m1 [3mrun_tops[0m[2m=[0m[0.0]
[2m2026-04-15T16:17:06.858112Z[0m [32m INFO[0m [2mbeyonder_gpu::renderer[0m[2m:[0m bar text layout [3minput_scroll_px[0m[2m=[0m0.0 [3mtext_block_y[0m[2m=[0m1472.5999755859375 [3mtext_area_h[0m[2m=[0m44.79999923706055 [3mclip_top[0m[2m=[0m1472 [3mclip_bottom[0m[2m=[0m1517 [3mvisible_lines[0m[2m=[0m1 [3mrun_tops[0m[2m=[0m[0.0]
[2m2026-04-15T16:17:06.873190Z[0m [32m INFO[0m [2mbeyonder_gpu::renderer[0m[2m:[0m bar text layout [3minput_scroll_px[0m[2m=[0m0.0 [3mtext_block_y[0m[2m=[0m1472.5999755859375 [3mtext_area_h[0m[2m=[0m44.79999923706055 [3mclip_top[0m[2m=[0m1472 [3mclip_bottom[0m[2m=[0m1517 [3mvisible_lines[0m[2m=[0m1 [3mrun_tops[0m[2m=[0m[0.0]
[2m2026-04-15T16:17:06.893402Z[0m [32m INFO[0m [2mbeyonder_gpu::renderer[0m[2m:[0m bar text layout [3minput_scroll_px[0m[2m=[0m0.0 [3mtext_block_y[0m[2m=[0m1472.5999755859375 [3mtext_area_h[0m[2m=[0m44.79999923706055 [3mclip_top[0m[2m=[0m1472 [3mclip_bottom[0m[2m=[0m1517 [3mvisible_lines[0m[2m=[0m1 [3mrun_tops[0m[2m=[0m[0.0]
[2m2026-04-15T16:17:06.906895Z[0m [32m INFO[0m [2mbeyonder_gpu::renderer[0m[2m:[0m bar text layout [3minput_scroll_px[0m[2m=[0m0.0 [3mtext_block_y[0m[2m=[0m1472.5999755859375 [3mtext_area_h[0m[2m=[0m44.79999923706055 [3mclip_top[0m[2m=[0m1472 [3mclip_bottom[0m[2m=[0m1517 [3mvisible_lines[0m[2m=[0m1 [3mrun_tops[0m[2m=[0m[0.0]
[2m2026-04-15T16:17:06.923307Z[0m [32m INFO[0m [2mbeyonder_gpu::renderer[0m[2m:[0m bar text layout [3minput_scroll_px[0m[2m=[0m0.0 [3mtext_block_y[0m[2m=[0m1472.5999755859375 [3mtext_area_h[0m[2m=[0m44.79999923706055 [3mclip_top[0m[2m=[0m1472 [3mclip_bottom[0m[2m=[0m1517 [3mvisible_lines[0m[2m=[0m1 [3mrun_tops[0m[2m=[0m[0.0]
[2m2026-04-15T16:17:06.941348Z[0m [32m INFO[0m [2mbeyonder_gpu::renderer[0m[2m:[0m bar text layout [3minput_scroll_px[0m[2m=[0m0.0 [3mtext_block_y[0m[2m=[0m1472.5999755859375 [3mtext_area_h[0m[2m=[0m44.79999923706055 [3mclip_top[0m[2m=[0m1472 [3mclip_bottom[0m[2m=[0m1517 [3mvisible_lines[0m[2m=[0m1 [3mrun_tops[0m[2m=[0m[0.0]
[2m2026-04-15T16:17:06.956489Z[0m [32m INFO[0m [2mbeyonder_gpu::renderer[0m[2m:[0m bar text layout [3minput_scroll_px[0m[2m=[0m0.0 [3mtext_block_y[0m[2m=[0m1472.5999755859375 [3mtext_area_h[0m[2m=[0m44.79999923706055 [3mclip_top[0m[2m=[0m1472 [3mclip_bottom[0m[2m=[0m1517 [3mvisible_lines[0m[2m=[0m1 [3mrun_tops[0m[2m=[0m[0.0]
[2m2026-04-15T16:17:06.976987Z[0m [32m INFO[0m [2mbeyonder_gpu::renderer[0m[2m:[0m bar text layout [3minput_scroll_px[0m[2m=[0m0.0 [3mtext_block_y[0m[2m=[0m1472.5999755859375 [3mtext_area_h[0m[2m=[0m44.79999923706055 [3mclip_top[0m[2m=[0m1472 [3mclip_bottom[0m[2m=[0m1517 [3mvisible_lines[0m[2m=[0m1 [3mrun_tops[0m[2m=[0m[0.0]
[2m2026-04-15T16:17:06.990615Z[0m [32m INFO[0m [2mbeyonder_gpu::renderer[0m[2m:[0m bar text layout [3minput_scroll_px[0m[2m=[0m0.0 [3mtext_block_y[0m[2m=[0m1472.5999755859375 [3mtext_area_h[0m[2m=[0m44.79999923706055 [3mclip_top[0m[2m=[0m1472 [3mclip_bottom[0m[2m=[0m1517 [3mvisible_lines[0m[2m=[0m1 [3mrun_tops[0m[2m=[0m[0.0]
[2m2026-04-15T16:17:07.006946Z[0m [32m INFO[0m [2mbeyonder_gpu::renderer[0m[2m:[0m bar text layout [3minput_scroll_px[0m[2m=[0m0.0 [3mtext_block_y[0m[2m=[0m1472.5999755859375 [3mtext_area_h[0m[2m=[0m44.79999923706055 [3mclip_top[0m[2m=[0m1472 [3mclip_bottom[0m[2m=[0m1517 [3mvisible_lines[0m[2m=[0m1 [3mrun_tops[0m[2m=[0m[0.0]
[2m2026-04-15T16:17:07.024041Z[0m [32m INFO[0m [2mbeyonder_gpu::renderer[0m[2m:[0m bar text layout [3minput_scroll_px[0m[2m=[0m0.0 [3mtext_block_y[0m[2m=[0m1472.5999755859375 [3mtext_area_h[0m[2m=[0m44.79999923706055 [3mclip_top[0m[2m=[0m1472 [3mclip_bottom[0m[2m=[0m1517 [3mvisible_lines[0m[2m=[0m1 [3mrun_tops[0m[2m=[0m[0.0]
[2m2026-04-15T16:17:07.039785Z[0m [32m INFO[0m [2mbeyonder_gpu::renderer[0m[2m:[0m bar text layout [3minput_scroll_px[0m[2m=[0m0.0 [3mtext_block_y[0m[2m=[0m1472.5999755859375 [3mtext_area_h[0m[2m=[0m44.79999923706055 [3mclip_top[0m[2m=[0m1472 [3mclip_bottom[0m[2m=[0m1517 [3mvisible_lines[0m[2m=[0m1 [3mrun_tops[0m[2m=[0m[0.0]
[2m2026-04-15T16:17:07.059677Z[0m [32m INFO[0m [2mbeyonder_gpu::renderer[0m[2m:[0m bar text layout [3minput_scroll_px[0m[2m=[0m0.0 [3mtext_block_y[0m[2m=[0m1472.5999755859375 [3mtext_area_h[0m[2m=[0m44.79999923706055 [3mclip_top[0m[2m=[0m1472 [3mclip_bottom[0m[2m=[0m1517 [3mvisible_lines[0m[2m=[0m1 [3mrun_tops[0m[2m=[0m[0.0]
[2m2026-04-15T16:17:07.074002Z[0m [32m INFO[0m [2mbeyonder_gpu::renderer[0m[2m:[0m bar text layout [3minput_scroll_px[0m[2m=[0m0.0 [3mtext_block_y[0m[2m=[0m1472.5999755859375 [3mtext_area_h[0m[2m=[0m44.79999923706055 [3mclip_top[0m[2m=[0m1472 [3mclip_bottom[0m[2m=[0m1517 [3mvisible_lines[0m[2m=[0m1 [3mrun_tops[0m[2m=[0m[0.0]
[2m2026-04-15T16:17:07.089561Z[0m [32m INFO[0m [2mbeyonder_gpu::renderer[0m[2m:[0m bar text layout [3minput_scroll_px[0m[2m=[0m0.0 [3mtext_block_y[0m[2m=[0m1472.5999755859375 [3mtext_area_h[0m[2m=[0m44.79999923706055 [3mclip_top[0m[2m=[0m1472 [3mclip_bottom[0m[2m=[0m1517 [3mvisible_lines[0m[2m=[0m1 [3mrun_tops[0m[2m=[0m[0.0]
[2m2026-04-15T16:17:07.107993Z[0m [32m INFO[0m [2mbeyonder_gpu::renderer[0m[2m:[0m bar text layout [3minput_scroll_px[0m[2m=[0m0.0 [3mtext_block_y[0m[2m=[0m1472.5999755859375 [3mtext_area_h[0m[2m=[0m44.79999923706055 [3mclip_top[0m[2m=[0m1472 [3mclip_bottom[0m[2m=[0m1517 [3mvisible_lines[0m[2m=[0m1 [3mrun_tops[0m[2m=[0m[0.0]
[2m2026-04-15T16:17:07.123245Z[0m [32m INFO[0m [2mbeyonder_gpu::renderer[0m[2m:[0m bar text layout [3minput_scroll_px[0m[2m=[0m0.0 [3mtext_block_y[0m[2m=[0m1472.5999755859375 [3mtext_area_h[0m[2m=[0m44.79999923706055 [3mclip_top[0m[2m=[0m1472 [3mclip_bottom[0m[2m=[0m1517 [3mvisible_lines[0m[2m=[0m1 [3mrun_tops[0m[2m=[0m[0.0]
[2m2026-04-15T16:17:07.139808Z[0m [32m INFO[0m [2mbeyonder_gpu::renderer[0m[2m:[0m bar text layout [3minput_scroll_px[0m[2m=[0m0.0 [3mtext_block_y[0m[2m=[0m1472.5999755859375 [3mtext_area_h[0m[2m=[0m44.79999923706055 [3mclip_top[0m[2m=[0m1472 [3mclip_bottom[0m[2m=[0m1517 [3mvisible_lines[0m[2m=[0m1 [3mrun_tops[0m[2m=[0m[0.0]
[2m2026-04-15T16:17:07.156437Z[0m [32m INFO[0m [2mbeyonder_gpu::renderer[0m[2m:[0m bar text layout [3minput_scroll_px[0m[2m=[0m0.0 [3mtext_block_y[0m[2m=[0m1472.5999755859375 [3mtext_area_h[0m[2m=[0m44.79999923706055 [3mclip_top[0m[2m=[0m1472 [3mclip_bottom[0m[2m=[0m1517 [3mvisible_lines[0m[2m=[0m1 [3mrun_tops[0m[2m=[0m[0.0]
[2m2026-04-15T16:17:07.173046Z[0m [32m INFO[0m [2mbeyonder_gpu::renderer[0m[2m:[0m bar text layout [3minput_scroll_px[0m[2m=[0m0.0 [3mtext_block_y[0m[2m=[0m1472.5999755859375 [3mtext_area_h[0m[2m=[0m44.79999923706055 [3mclip_top[0m[2m=[0m1472 [3mclip_bottom[0m[2m=[0m1517 [3mvisible_lines[0m[2m=[0m1 [3mrun_tops[0m[2m=[0m[0.0]
[2m2026-04-15T16:17:07.189851Z[0m [32m INFO[0m [2mbeyonder_gpu::renderer[0m[2m:[0m bar text layout [3minput_scroll_px[0m[2m=[0m0.0 [3mtext_block_y[0m[2m=[0m1472.5999755859375 [3mtext_area_h[0m[2m=[0m44.79999923706055 [3mclip_top[0m[2m=[0m1472 [3mclip_bottom[0m[2m=[0m1517 [3mvisible_lines[0m[2m=[0m1 [3mrun_tops[0m[2m=[0m[0.0]
[2m2026-04-15T16:17:07.206503Z[0m [32m INFO[0m [2mbeyonder_gpu::renderer[0m[2m:[0m bar text layout [3minput_scroll_px[0m[2m=[0m0.0 [3mtext_block_y[0m[2m=[0m1472.5999755859375 [3mtext_area_h[0m[2m=[0m44.79999923706055 [3mclip_top[0m[2m=[0m1472 [3mclip_bottom[0m[2m=[0m1517 [3mvisible_lines[0m[2m=[0m1 [3mrun_tops[0m[2m=[0m[0.0]
[2m2026-04-15T16:17:07.226590Z[0m [32m INFO[0m [2mbeyonder_gpu::renderer[0m[2m:[0m bar text layout [3minput_scroll_px[0m[2m=[0m0.0 [3mtext_block_y[0m[2m=[0m1472.5999755859375 [3mtext_area_h[0m[2m=[0m44.79999923706055 [3mclip_top[0m[2m=[0m1472 [3mclip_bottom[0m[2m=[0m1517 [3mvisible_lines[0m[2m=[0m1 [3mrun_tops[0m[2m=[0m[0.0]
[2m2026-04-15T16:17:07.239928Z[0m [32m INFO[0m [2mbeyonder_gpu::renderer[0m[2m:[0m bar text layout [3minput_scroll_px[0m[2m=[0m0.0 [3mtext_block_y[0m[2m=[0m1472.5999755859375 [3mtext_area_h[0m[2m=[0m44.79999923706055 [3mclip_top[0m[2m=[0m1472 [3mclip_bottom[0m[2m=[0m1517 [3mvisible_lines[0m[2m=[0m1 [3mrun_tops[0m[2m=[0m[0.0]
[2m2026-04-15T16:17:07.256510Z[0m [32m INFO[0m [2mbeyonder_gpu::renderer[0m[2m:[0m bar text layout [3minput_scroll_px[0m[2m=[0m0.0 [3mtext_block_y[0m[2m=[0m1472.5999755859375 [3mtext_area_h[0m[2m=[0m44.79999923706055 [3mclip_top[0m[2m=[0m1472 [3mclip_bottom[0m[2m=[0m1517 [3mvisible_lines[0m[2m=[0m1 [3mrun_tops[0m[2m=[0m[0.0]
[2m2026-04-15T16:17:07.274425Z[0m [32m INFO[0m [2mbeyonder_gpu::renderer[0m[2m:[0m bar text layout [3minput_scroll_px[0m[2m=[0m0.0 [3mtext_block_y[0m[2m=[0m1472.5999755859375 [3mtext_area_h[0m[2m=[0m44.79999923706055 [3mclip_top[0m[2m=[0m1472 [3mclip_bottom[0m[2m=[0m1517 [3mvisible_lines[0m[2m=[0m1 [3mrun_tops[0m[2m=[0m[0.0]
[2m2026-04-15T16:17:07.289612Z[0m [32m INFO[0m [2mbeyonder_gpu::renderer[0m[2m:[0m bar text layout [3minput_scroll_px[0m[2m=[0m0.0 [3mtext_block_y[0m[2m=[0m1472.5999755859375 [3mtext_area_h[0m[2m=[0m44.79999923706055 [3mclip_top[0m[2m=[0m1472 [3mclip_bottom[0m[2m=[0m1517 [3mvisible_lines[0m[2m=[0m1 [3mrun_tops[0m[2m=[0m[0.0]
[2m2026-04-15T16:17:07.309897Z[0m [32m INFO[0m [2mbeyonder_gpu::renderer[0m[2m:[0m bar text layout [3minput_scroll_px[0m[2m=[0m0.0 [3mtext_block_y[0m[2m=[0m1472.5999755859375 [3mtext_area_h[0m[2m=[0m44.79999923706055 [3mclip_top[0m[2m=[0m1472 [3mclip_bottom[0m[2m=[0m1517 [3mvisible_lines[0m[2m=[0m1 [3mrun_tops[0m[2m=[0m[0.0]
[2m2026-04-15T16:17:07.323232Z[0m [32m INFO[0m [2mbeyonder_gpu::renderer[0m[2m:[0m bar text layout [3minput_scroll_px[0m[2m=[0m0.0 [3mtext_block_y[0m[2m=[0m1472.5999755859375 [3mtext_area_h[0m[2m=[0m44.79999923706055 [3mclip_top[0m[2m=[0m1472 [3mclip_bottom[0m[2m=[0m1517 [3mvisible_lines[0m[2m=[0m1 [3mrun_tops[0m[2m=[0m[0.0]
[2m2026-04-15T16:17:07.339780Z[0m [32m INFO[0m [2mbeyonder_gpu::renderer[0m[2m:[0m bar text layout [3minput_scroll_px[0m[2m=[0m0.0 [3mtext_block_y[0m[2m=[0m1472.5999755859375 [3mtext_area_h[0m[2m=[0m44.79999923706055 [3mclip_top[0m[2m=[0m1472 [3mclip_bottom[0m[2m=[0m1517 [3mvisible_lines[0m[2m=[0m1 [3mrun_tops[0m[2m=[0m[0.0]
[2m2026-04-15T16:17:07.357139Z[0m [32m INFO[0m [2mbeyonder_gpu::renderer[0m[2m:[0m bar text layout [3minput_scroll_px[0m[2m=[0m0.0 [3mtext_block_y[0m[2m=[0m1472.5999755859375 [3mtext_area_h[0m[2m=[0m44.79999923706055 [3mclip_top[0m[2m=[0m1472 [3mclip_bottom[0m[2m=[0m1517 [3mvisible_lines[0m[2m=[0m1 [3mrun_tops[0m[2m=[0m[0.0]
[2m2026-04-15T16:17:07.373011Z[0m [32m INFO[0m [2mbeyonder_gpu::renderer[0m[2m:[0m bar text layout [3minput_scroll_px[0m[2m=[0m0.0 [3mtext_block_y[0m[2m=[0m1472.5999755859375 [3mtext_area_h[0m[2m=[0m44.79999923706055 [3mclip_top[0m[2m=[0m1472 [3mclip_bottom[0m[2m=[0m1517 [3mvisible_lines[0m[2m=[0m1 [3mrun_tops[0m[2m=[0m[0.0]
[2m2026-04-15T16:17:07.393169Z[0m [32m INFO[0m [2mbeyonder_gpu::renderer[0m[2m:[0m bar text layout [3minput_scroll_px[0m[2m=[0m0.0 [3mtext_block_y[0m[2m=[0m1472.5999755859375 [3mtext_area_h[0m[2m=[0m44.79999923706055 [3mclip_top[0m[2m=[0m1472 [3mclip_bottom[0m[2m=[0m1517 [3mvisible_lines[0m[2m=[0m1 [3mrun_tops[0m[2m=[0m[0.0]
[2m2026-04-15T16:17:07.407358Z[0m [32m INFO[0m [2mbeyonder_gpu::renderer[0m[2m:[0m bar text layout [3minput_scroll_px[0m[2m=[0m0.0 [3mtext_block_y[0m[2m=[0m1472.5999755859375 [3mtext_area_h[0m[2m=[0m44.79999923706055 [3mclip_top[0m[2m=[0m1472 [3mclip_bottom[0m[2m=[0m1517 [3mvisible_lines[0m[2m=[0m1 [3mrun_tops[0m[2m=[0m[0.0]
[2m2026-04-15T16:17:07.422779Z[0m [32m INFO[0m [2mbeyonder_gpu::renderer[0m[2m:[0m bar text layout [3minput_scroll_px[0m[2m=[0m0.0 [3mtext_block_y[0m[2m=[0m1472.5999755859375 [3mtext_area_h[0m[2m=[0m44.79999923706055 [3mclip_top[0m[2m=[0m1472 [3mclip_bottom[0m[2m=[0m1517 [3mvisible_lines[0m[2m=[0m1 [3mrun_tops[0m[2m=[0m[0.0]
[2m2026-04-15T16:17:07.441676Z[0m [32m INFO[0m [2mbeyonder_gpu::renderer[0m[2m:[0m bar text layout [3minput_scroll_px[0m[2m=[0m0.0 [3mtext_block_y[0m[2m=[0m1472.5999755859375 [3mtext_area_h[0m[2m=[0m44.79999923706055 [3mclip_top[0m[2m=[0m1472 [3mclip_bottom[0m[2m=[0m1517 [3mvisible_lines[0m[2m=[0m1 [3mrun_tops[0m[2m=[0m[0.0]
[2m2026-04-15T16:17:07.456501Z[0m [32m INFO[0m [2mbeyonder_gpu::renderer[0m[2m:[0m bar text layout [3minput_scroll_px[0m[2m=[0m0.0 [3mtext_block_y[0m[2m=[0m1472.5999755859375 [3mtext_area_h[0m[2m=[0m44.79999923706055 [3mclip_top[0m[2m=[0m1472 [3mclip_bottom[0m[2m=[0m1517 [3mvisible_lines[0m[2m=[0m1 [3mrun_tops[0m[2m=[0m[0.0]
[2m2026-04-15T16:17:07.476409Z[0m [32m INFO[0m [2mbeyonder_gpu::renderer[0m[2m:[0m bar text layout [3minput_scroll_px[0m[2m=[0m0.0 [3mtext_block_y[0m[2m=[0m1472.5999755859375 [3mtext_area_h[0m[2m=[0m44.79999923706055 [3mclip_top[0m[2m=[0m1472 [3mclip_bottom[0m[2m=[0m1517 [3mvisible_lines[0m[2m=[0m1 [3mrun_tops[0m[2m=[0m[0.0]
[2m2026-04-15T16:17:07.489976Z[0m [32m INFO[0m [2mbeyonder_gpu::renderer[0m[2m:[0m bar text layout [3minput_scroll_px[0m[2m=[0m0.0 [3mtext_block_y[0m[2m=[0m1472.5999755859375 [3mtext_area_h[0m[2m=[0m44.79999923706055 [3mclip_top[0m[2m=[0m1472 [3mclip_bottom[0m[2m=[0m1517 [3mvisible_lines[0m[2m=[0m1 [3mrun_tops[0m[2m=[0m[0.0]
[2m2026-04-15T16:17:07.506480Z[0m [32m INFO[0m [2mbeyonder_gpu::renderer[0m[2m:[0m bar text layout [3minput_scroll_px[0m[2m=[0m0.0 [3mtext_block_y[0m[2m=[0m1472.5999755859375 [3mtext_area_h[0m[2m=[0m44.79999923706055 [3mclip_top[0m[2m=[0m1472 [3mclip_bottom[0m[2m=[0m1517 [3mvisible_lines[0m[2m=[0m1 [3mrun_tops[0m[2m=[0m[0.0]
[2m2026-04-15T16:17:07.524834Z[0m [32m INFO[0m [2mbeyonder_gpu::renderer[0m[2m:[0m bar text layout [3minput_scroll_px[0m[2m=[0m0.0 [3mtext_block_y[0m[2m=[0m1472.5999755859375 [3mtext_area_h[0m[2m=[0m44.79999923706055 [3mclip_top[0m[2m=[0m1472 [3mclip_bottom[0m[2m=[0m1517 [3mvisible_lines[0m[2m=[0m1 [3mrun_tops[0m[2m=[0m[0.0]
[2m2026-04-15T16:17:07.539641Z[0m [32m INFO[0m [2mbeyonder_gpu::renderer[0m[2m:[0m bar text layout [3minput_scroll_px[0m[2m=[0m0.0 [3mtext_block_y[0m[2m=[0m1472.5999755859375 [3mtext_area_h[0m[2m=[0m44.79999923706055 [3mclip_top[0m[2m=[0m1472 [3mclip_bottom[0m[2m=[0m1517 [3mvisible_lines[0m[2m=[0m1 [3mrun_tops[0m[2m=[0m[0.0]
[2m2026-04-15T16:17:07.559657Z[0m [32m INFO[0m [2mbeyonder_gpu::renderer[0m[2m:[0m bar text layout [3minput_scroll_px[0m[2m=[0m0.0 [3mtext_block_y[0m[2m=[0m1472.5999755859375 [3mtext_area_h[0m[2m=[0m44.79999923706055 [3mclip_top[0m[2m=[0m1472 [3mclip_bottom[0m[2m=[0m1517 [3mvisible_lines[0m[2m=[0m1 [3mrun_tops[0m[2m=[0m[0.0]
[2m2026-04-15T16:17:07.923073Z[0m [32m INFO[0m [2mbeyonder_gpu::renderer[0m[2m:[0m bar text layout [3minput_scroll_px[0m[2m=[0m0.0 [3mtext_block_y[0m[2m=[0m1472.5999755859375 [3mtext_area_h[0m[2m=[0m44.79999923706055 [3mclip_top[0m[2m=[0m1472 [3mclip_bottom[0m[2m=[0m1517 [3mvisible_lines[0m[2m=[0m1 [3mrun_tops[0m[2m=[0m[0.0]
[2m2026-04-15T16:17:07.941233Z[0m [32m INFO[0m [2mbeyonder_gpu::renderer[0m[2m:[0m bar text layout [3minput_scroll_px[0m[2m=[0m0.0 [3mtext_block_y[0m[2m=[0m1472.5999755859375 [3mtext_area_h[0m[2m=[0m44.79999923706055 [3mclip_top[0m[2m=[0m1472 [3mclip_bottom[0m[2m=[0m1517 [3mvisible_lines[0m[2m=[0m1 [3mrun_tops[0m[2m=[0m[0.0]
[2m2026-04-15T16:17:07.956294Z[0m [32m INFO[0m [2mbeyonder_gpu::renderer[0m[2m:[0m bar text layout [3minput_scroll_px[0m[2m=[0m0.0 [3mtext_block_y[0m[2m=[0m1472.5999755859375 [3mtext_area_h[0m[2m=[0m44.79999923706055 [3mclip_top[0m[2m=[0m1472 [3mclip_bottom[0m[2m=[0m1517 [3mvisible_lines[0m[2m=[0m1 [3mrun_tops[0m[2m=[0m[0.0]
[2m2026-04-15T16:17:07.976568Z[0m [32m INFO[0m [2mbeyonder_gpu::renderer[0m[2m:[0m bar text layout [3minput_scroll_px[0m[2m=[0m0.0 [3mtext_block_y[0m[2m=[0m1472.5999755859375 [3mtext_area_h[0m[2m=[0m44.79999923706055 [3mclip_top[0m[2m=[0m1472 [3mclip_bottom[0m[2m=[0m1517 [3mvisible_lines[0m[2m=[0m1 [3mrun_tops[0m[2m=[0m[0.0]
[2m2026-04-15T16:17:07.989137Z[0m [32m INFO[0m [2mbeyonder_gpu::renderer[0m[2m:[0m bar text layout [3minput_scroll_px[0m[2m=[0m0.0 [3mtext_block_y[0m[2m=[0m1472.5999755859375 [3mtext_area_h[0m[2m=[0m44.79999923706055 [3mclip_top[0m[2m=[0m1472 [3mclip_bottom[0m[2m=[0m1517 [3mvisible_lines[0m[2m=[0m1 [3mrun_tops[0m[2m=[0m[0.0]
[2m2026-04-15T16:17:08.006396Z[0m [32m INFO[0m [2mbeyonder_gpu::renderer[0m[2m:[0m bar text layout [3minput_scroll_px[0m[2m=[0m0.0 [3mtext_block_y[0m[2m=[0m1472.5999755859375 [3mtext_area_h[0m[2m=[0m44.79999923706055 [3mclip_top[0m[2m=[0m1472 [3mclip_bottom[0m[2m=[0m1517 [3mvisible_lines[0m[2m=[0m1 [3mrun_tops[0m[2m=[0m[0.0]
[2m2026-04-15T16:17:08.023011Z[0m [32m INFO[0m [2mbeyonder_gpu::renderer[0m[2m:[0m bar text layout [3minput_scroll_px[0m[2m=[0m0.0 [3mtext_block_y[0m[2m=[0m1472.5999755859375 [3mtext_area_h[0m[2m=[0m44.79999923706055 [3mclip_top[0m[2m=[0m1472 [3mclip_bottom[0m[2m=[0m1517 [3mvisible_lines[0m[2m=[0m1 [3mrun_tops[0m[2m=[0m[0.0]
[2m2026-04-15T16:17:08.039475Z[0m [32m INFO[0m [2mbeyonder_gpu::renderer[0m[2m:[0m bar text layout [3minput_scroll_px[0m[2m=[0m0.0 [3mtext_block_y[0m[2m=[0m1472.5999755859375 [3mtext_area_h[0m[2m=[0m44.79999923706055 [3mclip_top[0m[2m=[0m1472 [3mclip_bottom[0m[2m=[0m1517 [3mvisible_lines[0m[2m=[0m1 [3mrun_tops[0m[2m=[0m[0.0]
[2m2026-04-15T16:17:08.059700Z[0m [32m INFO[0m [2mbeyonder_gpu::renderer[0m[2m:[0m bar text layout [3minput_scroll_px[0m[2m=[0m0.0 [3mtext_block_y[0m[2m=[0m1472.5999755859375 [3mtext_area_h[0m[2m=[0m44.79999923706055 [3mclip_top[0m[2m=[0m1472 [3mclip_bottom[0m[2m=[0m1517 [3mvisible_lines[0m[2m=[0m1 [3mrun_tops[0m[2m=[0m[0.0]
[2m2026-04-15T16:17:08.073793Z[0m [32m INFO[0m [2mbeyonder_gpu::renderer[0m[2m:[0m bar text layout [3minput_scroll_px[0m[2m=[0m0.0 [3mtext_block_y[0m[2m=[0m1472.5999755859375 [3mtext_area_h[0m[2m=[0m44.79999923706055 [3mclip_top[0m[2m=[0m1472 [3mclip_bottom[0m[2m=[0m1517 [3mvisible_lines[0m[2m=[0m1 [3mrun_tops[0m[2m=[0m[0.0]
[2m2026-04-15T16:17:08.089233Z[0m [32m INFO[0m [2mbeyonder_gpu::renderer[0m[2m:[0m bar text layout [3minput_scroll_px[0m[2m=[0m0.0 [3mtext_block_y[0m[2m=[0m1472.5999755859375 [3mtext_area_h[0m[2m=[0m44.79999923706055 [3mclip_top[0m[2m=[0m1472 [3mclip_bottom[0m[2m=[0m1517 [3mvisible_lines[0m[2m=[0m1 [3mrun_tops[0m[2m=[0m[0.0]
[2m2026-04-15T16:17:08.108006Z[0m [32m INFO[0m [2mbeyonder_gpu::renderer[0m[2m:[0m bar text layout [3minput_scroll_px[0m[2m=[0m0.0 [3mtext_block_y[0m[2m=[0m1472.5999755859375 [3mtext_area_h[0m[2m=[0m44.79999923706055 [3mclip_top[0m[2m=[0m1472 [3mclip_bottom[0m[2m=[0m1517 [3mvisible_lines[0m[2m=[0m1 [3mrun_tops[0m[2m=[0m[0.0]
[2m2026-04-15T16:17:08.122965Z[0m [32m INFO[0m [2mbeyonder_gpu::renderer[0m[2m:[0m bar text layout [3minput_scroll_px[0m[2m=[0m0.0 [3mtext_block_y[0m[2m=[0m1472.5999755859375 [3mtext_area_h[0m[2m=[0m44.79999923706055 [3mclip_top[0m[2m=[0m1472 [3mclip_bottom[0m[2m=[0m1517 [3mvisible_lines[0m[2m=[0m1 [3mrun_tops[0m[2m=[0m[0.0]
[2m2026-04-15T16:17:08.143520Z[0m [32m INFO[0m [2mbeyonder_gpu::renderer[0m[2m:[0m bar text layout [3minput_scroll_px[0m[2m=[0m0.0 [3mtext_block_y[0m[2m=[0m1472.5999755859375 [3mtext_area_h[0m[2m=[0m44.79999923706055 [3mclip_top[0m[2m=[0m1472 [3mclip_bottom[0m[2m=[0m1517 [3mvisible_lines[0m[2m=[0m1 [3mrun_tops[0m[2m=[0m[0.0]
[2m2026-04-15T16:17:08.157089Z[0m [32m INFO[0m [2mbeyonder_gpu::renderer[0m[2m:[0m bar text layout [3minput_scroll_px[0m[2m=[0m0.0 [3mtext_block_y[0m[2m=[0m1472.5999755859375 [3mtext_area_h[0m[2m=[0m44.79999923706055 [3mclip_top[0m[2m=[0m1472 [3mclip_bottom[0m[2m=[0m1517 [3mvisible_lines[0m[2m=[0m1 [3mrun_tops[0m[2m=[0m[0.0]
[2m2026-04-15T16:17:08.172891Z[0m [32m INFO[0m [2mbeyonder_gpu::renderer[0m[2m:[0m bar text layout [3minput_scroll_px[0m[2m=[0m0.0 [3mtext_block_y[0m[2m=[0m1472.5999755859375 [3mtext_area_h[0m[2m=[0m44.79999923706055 [3mclip_top[0m[2m=[0m1472 [3mclip_bottom[0m[2m=[0m1517 [3mvisible_lines[0m[2m=[0m1 [3mrun_tops[0m[2m=[0m[0.0]
[2m2026-04-15T16:17:08.191005Z[0m [32m INFO[0m [2mbeyonder_gpu::renderer[0m[2m:[0m bar text layout [3minput_scroll_px[0m[2m=[0m0.0 [3mtext_block_y[0m[2m=[0m1472.5999755859375 [3mtext_area_h[0m[2m=[0m44.79999923706055 [3mclip_top[0m[2m=[0m1472 [3mclip_bottom[0m[2m=[0m1517 [3mvisible_lines[0m[2m=[0m1 [3mrun_tops[0m[2m=[0m[0.0]
[2m2026-04-15T16:17:08.206306Z[0m [32m INFO[0m [2mbeyonder_gpu::renderer[0m[2m:[0m bar text layout [3minput_scroll_px[0m[2m=[0m0.0 [3mtext_block_y[0m[2m=[0m1472.5999755859375 [3mtext_area_h[0m[2m=[0m44.79999923706055 [3mclip_top[0m[2m=[0m1472 [3mclip_bottom[0m[2m=[0m1517 [3mvisible_lines[0m[2m=[0m1 [3mrun_tops[0m[2m=[0m[0.0]
[2m2026-04-15T16:17:08.226049Z[0m [32m INFO[0m [2mbeyonder_gpu::renderer[0m[2m:[0m bar text layout [3minput_scroll_px[0m[2m=[0m0.0 [3mtext_block_y[0m[2m=[0m1472.5999755859375 [3mtext_area_h[0m[2m=[0m44.79999923706055 [3mclip_top[0m[2m=[0m1472 [3mclip_bottom[0m[2m=[0m1517 [3mvisible_lines[0m[2m=[0m1 [3mrun_tops[0m[2m=[0m[0.0]
[2m2026-04-15T16:17:08.240163Z[0m [32m INFO[0m [2mbeyonder_gpu::renderer[0m[2m:[0m bar text layout [3minput_scroll_px[0m[2m=[0m0.0 [3mtext_block_y[0m[2m=[0m1472.5999755859375 [3mtext_area_h[0m[2m=[0m44.79999923706055 [3mclip_top[0m[2m=[0m1472 [3mclip_bottom[0m[2m=[0m1517 [3mvisible_lines[0m[2m=[0m1 [3mrun_tops[0m[2m=[0m[0.0]
[2m2026-04-15T16:17:08.256299Z[0m [32m INFO[0m [2mbeyonder_gpu::renderer[0m[2m:[0m bar text layout [3minput_scroll_px[0m[2m=[0m0.0 [3mtext_block_y[0m[2m=[0m1472.5999755859375 [3mtext_area_h[0m[2m=[0m44.79999923706055 [3mclip_top[0m[2m=[0m1472 [3mclip_bottom[0m[2m=[0m1517 [3mvisible_lines[0m[2m=[0m1 [3mrun_tops[0m[2m=[0m[0.0]
[2m2026-04-15T16:17:08.273604Z[0m [32m INFO[0m [2mbeyonder_gpu::renderer[0m[2m:[0m bar text layout [3minput_scroll_px[0m[2m=[0m0.0 [3mtext_block_y[0m[2m=[0m1472.5999755859375 [3mtext_area_h[0m[2m=[0m44.79999923706055 [3mclip_top[0m[2m=[0m1472 [3mclip_bottom[0m[2m=[0m1517 [3mvisible_lines[0m[2m=[0m1 [3mrun_tops[0m[2m=[0m[0.0]
[2m2026-04-15T16:17:08.289504Z[0m [32m INFO[0m [2mbeyonder_gpu::renderer[0m[2m:[0m bar text layout [3minput_scroll_px[0m[2m=[0m0.0 [3mtext_block_y[0m[2m=[0m1472.5999755859375 [3mtext_area_h[0m[2m=[0m44.79999923706055 [3mclip_top[0m[2m=[0m1472 [3mclip_bottom[0m[2m=[0m1517 [3mvisible_lines[0m[2m=[0m1 [3mrun_tops[0m[2m=[0m[0.0]
[2m2026-04-15T16:17:08.309951Z[0m [32m INFO[0m [2mbeyonder_gpu::renderer[0m[2m:[0m bar text layout [3minput_scroll_px[0m[2m=[0m0.0 [3mtext_block_y[0m[2m=[0m1472.5999755859375 [3mtext_area_h[0m[2m=[0m44.79999923706055 [3mclip_top[0m[2m=[0m1472 [3mclip_bottom[0m[2m=[0m1517 [3mvisible_lines[0m[2m=[0m1 [3mrun_tops[0m[2m=[0m[0.0]
[2m2026-04-15T16:17:08.323408Z[0m [32m INFO[0m [2mbeyonder_gpu::renderer[0m[2m:[0m bar text layout [3minput_scroll_px[0m[2m=[0m0.0 [3mtext_block_y[0m[2m=[0m1472.5999755859375 [3mtext_area_h[0m[2m=[0m44.79999923706055 [3mclip_top[0m[2m=[0m1472 [3mclip_bottom[0m[2m=[0m1517 [3mvisible_lines[0m[2m=[0m1 [3mrun_tops[0m[2m=[0m[0.0]
[2m2026-04-15T16:17:08.339681Z[0m [32m INFO[0m [2mbeyonder_gpu::renderer[0m[2m:[0m bar text layout [3minput_scroll_px[0m[2m=[0m0.0 [3mtext_block_y[0m[2m=[0m1472.5999755859375 [3mtext_area_h[0m[2m=[0m44.79999923706055 [3mclip_top[0m[2m=[0m1472 [3mclip_bottom[0m[2m=[0m1517 [3mvisible_lines[0m[2m=[0m1 [3mrun_tops[0m[2m=[0m[0.0]
[2m2026-04-15T16:17:08.357827Z[0m [32m INFO[0m [2mbeyonder_gpu::renderer[0m[2m:[0m bar text layout [3minput_scroll_px[0m[2m=[0m0.0 [3mtext_block_y[0m[2m=[0m1472.5999755859375 [3mtext_area_h[0m[2m=[0m44.79999923706055 [3mclip_top[0m[2m=[0m1472 [3mclip_bottom[0m[2m=[0m1517 [3mvisible_lines[0m[2m=[0m1 [3mrun_tops[0m[2m=[0m[0.0]
[2m2026-04-15T16:17:08.373071Z[0m [32m INFO[0m [2mbeyonder_gpu::renderer[0m[2m:[0m bar text layout [3minput_scroll_px[0m[2m=[0m0.0 [3mtext_block_y[0m[2m=[0m1472.5999755859375 [3mtext_area_h[0m[2m=[0m44.79999923706055 [3mclip_top[0m[2m=[0m1472 [3mclip_bottom[0m[2m=[0m1517 [3mvisible_lines[0m[2m=[0m1 [3mrun_tops[0m[2m=[0m[0.0]
[2m2026-04-15T16:17:08.392641Z[0m [32m INFO[0m [2mbeyonder_gpu::renderer[0m[2m:[0m bar text layout [3minput_scroll_px[0m[2m=[0m0.0 [3mtext_block_y[0m[2m=[0m1472.5999755859375 [3mtext_area_h[0m[2m=[0m44.79999923706055 [3mclip_top[0m[2m=[0m1472 [3mclip_bottom[0m[2m=[0m1517 [3mvisible_lines[0m[2m=[0m1 [3mrun_tops[0m[2m=[0m[0.0]
[2m2026-04-15T16:17:08.406111Z[0m [32m INFO[0m [2mbeyonder_gpu::renderer[0m[2m:[0m bar text layout [3minput_scroll_px[0m[2m=[0m0.0 [3mtext_block_y[0m[2m=[0m1472.5999755859375 [3mtext_area_h[0m[2m=[0m44.79999923706055 [3mclip_top[0m[2m=[0m1472 [3mclip_bottom[0m[2m=[0m1517 [3mvisible_lines[0m[2m=[0m1 [3mrun_tops[0m[2m=[0m[0.0]
[2m2026-04-15T16:17:08.422894Z[0m [32m INFO[0m [2mbeyonder_gpu::renderer[0m[2m:[0m bar text layout [3minput_scroll_px[0m[2m=[0m0.0 [3mtext_block_y[0m[2m=[0m1472.5999755859375 [3mtext_area_h[0m[2m=[0m44.79999923706055 [3mclip_top[0m[2m=[0m1472 [3mclip_bottom[0m[2m=[0m1517 [3mvisible_lines[0m[2m=[0m1 [3mrun_tops[0m[2m=[0m[0.0]
[2m2026-04-15T16:17:08.441025Z[0m [32m INFO[0m [2mbeyonder_gpu::renderer[0m[2m:[0m bar text layout [3minput_scroll_px[0m[2m=[0m0.0 [3mtext_block_y[0m[2m=[0m1472.5999755859375 [3mtext_area_h[0m[2m=[0m44.79999923706055 [3mclip_top[0m[2m=[0m1472 [3mclip_bottom[0m[2m=[0m1517 [3mvisible_lines[0m[2m=[0m1 [3mrun_tops[0m[2m=[0m[0.0]
[2m2026-04-15T16:17:08.456189Z[0m [32m INFO[0m [2mbeyonder_gpu::renderer[0m[2m:[0m bar text layout [3minput_scroll_px[0m[2m=[0m0.0 [3mtext_block_y[0m[2m=[0m1472.5999755859375 [3mtext_area_h[0m[2m=[0m44.79999923706055 [3mclip_top[0m[2m=[0m1472 [3mclip_bottom[0m[2m=[0m1517 [3mvisible_lines[0m[2m=[0m1 [3mrun_tops[0m[2m=[0m[0.0]
[2m2026-04-15T16:17:08.475902Z[0m [32m INFO[0m [2mbeyonder_gpu::renderer[0m[2m:[0m bar text layout [3minput_scroll_px[0m[2m=[0m0.0 [3mtext_block_y[0m[2m=[0m1472.5999755859375 [3mtext_area_h[0m[2m=[0m44.79999923706055 [3mclip_top[0m[2m=[0m1472 [3mclip_bottom[0m[2m=[0m1517 [3mvisible_lines[0m[2m=[0m1 [3mrun_tops[0m[2m=[0m[0.0]
[2m2026-04-15T16:17:08.489444Z[0m [32m INFO[0m [2mbeyonder_gpu::renderer[0m[2m:[0m bar text layout [3minput_scroll_px[0m[2m=[0m0.0 [3mtext_block_y[0m[2m=[0m1472.5999755859375 [3mtext_area_h[0m[2m=[0m44.79999923706055 [3mclip_top[0m[2m=[0m1472 [3mclip_bottom[0m[2m=[0m1517 [3mvisible_lines[0m[2m=[0m1 [3mrun_tops[0m[2m=[0m[0.0]
[2m2026-04-15T16:17:08.506347Z[0m [32m INFO[0m [2mbeyonder_gpu::renderer[0m[2m:[0m bar text layout [3minput_scroll_px[0m[2m=[0m0.0 [3mtext_block_y[0m[2m=[0m1472.5999755859375 [3mtext_area_h[0m[2m=[0m44.79999923706055 [3mclip_top[0m[2m=[0m1472 [3mclip_bottom[0m[2m=[0m1517 [3mvisible_lines[0m[2m=[0m1 [3mrun_tops[0m[2m=[0m[0.0]
[2m2026-04-15T16:17:08.524050Z[0m [32m INFO[0m [2mbeyonder_gpu::renderer[0m[2m:[0m bar text layout [3minput_scroll_px[0m[2m=[0m0.0 [3mtext_block_y[0m[2m=[0m1472.5999755859375 [3mtext_area_h[0m[2m=[0m44.79999923706055 [3mclip_top[0m[2m=[0m1472 [3mclip_bottom[0m[2m=[0m1517 [3mvisible_lines[0m[2m=[0m1 [3mrun_tops[0m[2m=[0m[0.0]
[2m2026-04-15T16:17:08.539426Z[0m [32m INFO[0m [2mbeyonder_gpu::renderer[0m[2m:[0m bar text layout [3minput_scroll_px[0m[2m=[0m0.0 [3mtext_block_y[0m[2m=[0m1472.5999755859375 [3mtext_area_h[0m[2m=[0m44.79999923706055 [3mclip_top[0m[2m=[0m1472 [3mclip_bottom[0m[2m=[0m1517 [3mvisible_lines[0m[2m=[0m1 [3mrun_tops[0m[2m=[0m[0.0]
[2m2026-04-15T16:17:08.559167Z[0m [32m INFO[0m [2mbeyonder_gpu::renderer[0m[2m:[0m bar text layout [3minput_scroll_px[0m[2m=[0m0.0 [3mtext_block_y[0m[2m=[0m1472.5999755859375 [3mtext_area_h[0m[2m=[0m44.79999923706055 [3mclip_top[0m[2m=[0m1472 [3mclip_bottom[0m[2m=[0m1517 [3mvisible_lines[0m[2m=[0m1 [3mrun_tops[0m[2m=[0m[0.0]
[2m2026-04-15T16:17:08.572914Z[0m [32m INFO[0m [2mbeyonder_gpu::renderer[0m[2m:[0m bar text layout [3minput_scroll_px[0m[2m=[0m0.0 [3mtext_block_y[0m[2m=[0m1472.5999755859375 [3mtext_area_h[0m[2m=[0m44.79999923706055 [3mclip_top[0m[2m=[0m1472 [3mclip_bottom[0m[2m=[0m1517 [3mvisible_lines[0m[2m=[0m1 [3mrun_tops[0m[2m=[0m[0.0]
[2m2026-04-15T16:17:08.589543Z[0m [32m INFO[0m [2mbeyonder_gpu::renderer[0m[2m:[0m bar text layout [3minput_scroll_px[0m[2m=[0m0.0 [3mtext_block_y[0m[2m=[0m1472.5999755859375 [3mtext_area_h[0m[2m=[0m44.79999923706055 [3mclip_top[0m[2m=[0m1472 [3mclip_bottom[0m[2m=[0m1517 [3mvisible_lines[0m[2m=[0m1 [3mrun_tops[0m[2m=[0m[0.0]
[2m2026-04-15T16:17:08.607383Z[0m [32m INFO[0m [2mbeyonder_gpu::renderer[0m[2m:[0m bar text layout [3minput_scroll_px[0m[2m=[0m0.0 [3mtext_block_y[0m[2m=[0m1472.5999755859375 [3mtext_area_h[0m[2m=[0m44.79999923706055 [3mclip_top[0m[2m=[0m1472 [3mclip_bottom[0m[2m=[0m1517 [3mvisible_lines[0m[2m=[0m1 [3mrun_tops[0m[2m=[0m[0.0]
[2m2026-04-15T16:17:08.622825Z[0m [32m INFO[0m [2mbeyonder_gpu::renderer[0m[2m:[0m bar text layout [3minput_scroll_px[0m[2m=[0m0.0 [3mtext_block_y[0m[2m=[0m1472.5999755859375 [3mtext_area_h[0m[2m=[0m44.79999923706055 [3mclip_top[0m[2m=[0m1472 [3mclip_bottom[0m[2m=[0m1517 [3mvisible_lines[0m[2m=[0m1 [3mrun_tops[0m[2m=[0m[0.0]
[2m2026-04-15T16:17:08.642595Z[0m [32m INFO[0m [2mbeyonder_gpu::renderer[0m[2m:[0m bar text layout [3minput_scroll_px[0m[2m=[0m0.0 [3mtext_block_y[0m[2m=[0m1472.5999755859375 [3mtext_area_h[0m[2m=[0m44.79999923706055 [3mclip_top[0m[2m=[0m1472 [3mclip_bottom[0m[2m=[0m1517 [3mvisible_lines[0m[2m=[0m1 [3mrun_tops[0m[2m=[0m[0.0]
[2m2026-04-15T16:17:08.656240Z[0m [32m INFO[0m [2mbeyonder_gpu::renderer[0m[2m:[0m bar text layout [3minput_scroll_px[0m[2m=[0m0.0 [3mtext_block_y[0m[2m=[0m1472.5999755859375 [3mtext_area_h[0m[2m=[0m44.79999923706055 [3mclip_top[0m[2m=[0m1472 [3mclip_bottom[0m[2m=[0m1517 [3mvisible_lines[0m[2m=[0m1 [3mrun_tops[0m[2m=[0m[0.0]
[2m2026-04-15T16:17:08.672855Z[0m [32m INFO[0m [2mbeyonder_gpu::renderer[0m[2m:[0m bar text layout [3minput_scroll_px[0m[2m=[0m0.0 [3mtext_block_y[0m[2m=[0m1472.5999755859375 [3mtext_area_h[0m[2m=[0m44.79999923706055 [3mclip_top[0m[2m=[0m1472 [3mclip_bottom[0m[2m=[0m1517 [3mvisible_lines[0m[2m=[0m1 [3mrun_tops[0m[2m=[0m[0.0]
[2m2026-04-15T16:17:08.690227Z[0m [32m INFO[0m [2mbeyonder_gpu::renderer[0m[2m:[0m bar text layout [3minput_scroll_px[0m[2m=[0m0.0 [3mtext_block_y[0m[2m=[0m1472.5999755859375 [3mtext_area_h[0m[2m=[0m44.79999923706055 [3mclip_top[0m[2m=[0m1472 [3mclip_bottom[0m[2m=[0m1517 [3mvisible_lines[0m[2m=[0m1 [3mrun_tops[0m[2m=[0m[0.0]
[2m2026-04-15T16:17:08.705363Z[0m [32m INFO[0m [2mbeyonder_gpu::renderer[0m[2m:[0m bar text layout [3minput_scroll_px[0m[2m=[0m0.0 [3mtext_block_y[0m[2m=[0m1472.5999755859375 [3mtext_area_h[0m[2m=[0m44.79999923706055 [3mclip_top[0m[2m=[0m1472 [3mclip_bottom[0m[2m=[0m1517 [3mvisible_lines[0m[2m=[0m1 [3mrun_tops[0m[2m=[0m[0.0]
