warning: unused import: `warn`
 --> crates/beyonder-acp/src/client.rs:9:21
  |
9 | use tracing::{info, warn};
  |                     ^^^^
  |
  = note: `#[warn(unused_imports)]` (part of `#[warn(unused)]`) on by default

warning: unused import: `JsonRpcResult`
  --> crates/beyonder-acp/src/client.rs:13:71
   |
13 |     ContentDelta, InitializeParams, InitializeResult, JsonRpcRequest, JsonRpcResult,
   |                                                                       ^^^^^^^^^^^^^

warning: unused imports: `Buf` and `BytesMut`
 --> crates/beyonder-acp/src/transport.rs:4:13
  |
4 | use bytes::{Buf, BytesMut};
  |             ^^^  ^^^^^^^^

warning: unused import: `JsonRpcResponse`
  --> crates/beyonder-acp/src/transport.rs:11:39
   |
11 | use crate::messages::{JsonRpcRequest, JsonRpcResponse};
   |                                       ^^^^^^^^^^^^^^^

warning: unreachable pattern
   --> crates/beyonder-acp/src/client.rs:236:21
    |
236 |                     _ => {}
    |                     ^ no value can reach this
    |
note: multiple earlier patterns match some of the same values
   --> crates/beyonder-acp/src/client.rs:236:21
    |
172 |                     AcpStreamEvent::ContentBlockDelta { index, delta } => {
    |                     -------------------------------------------------- matches some of the same values
...
185 |                     AcpStreamEvent::ContentBlockStart { index, content_block } => {
    |                     ---------------------------------------------------------- matches some of the same values
...
209 |                     AcpStreamEvent::ContentBlockStop { index } => {
    |                     ------------------------------------------ matches some of the same values
...
224 |                     AcpStreamEvent::MessageStop { stop_reason } => {
    |                     ------------------------------------------- matches some of the same values
...
236 |                     _ => {}
    |                     ^ ...and 1 other patterns collectively make this unreachable
    = note: `#[warn(unreachable_patterns)]` (part of `#[warn(unused)]`) on by default

warning: field `pending` is never read
  --> crates/beyonder-acp/src/client.rs:74:5
   |
70 | pub struct AcpClient {
   |            --------- field in this struct
...
74 |     pending: HashMap<u64, oneshot::Sender<serde_json::Value>>,
   |     ^^^^^^^
   |
   = note: `#[warn(dead_code)]` (part of `#[warn(unused)]`) on by default

warning: `beyonder-acp` (lib) generated 6 warnings (run `cargo fix --lib -p beyonder-acp` to apply 4 suggestions)
   Compiling beyonder-gpu v0.1.0 (/Users/petersubrata/Projects/Beyonder/crates/beyonder-gpu)
warning: unused import: `AgentState`
 --> crates/beyonder-runtime/src/supervisor.rs:5:52
  |
5 | use beyonder_core::{AgentId, AgentInfo, AgentKind, AgentState, CapabilitySet, DeathReason, SessionId};
  |                                                    ^^^^^^^^^^
  |
  = note: `#[warn(unused_imports)]` (part of `#[warn(unused)]`) on by default

warning: unused imports: `AgentId` and `SessionId`
 --> crates/beyonder-runtime/src/tools/executor.rs:3:21
  |
3 | use beyonder_core::{AgentId, SessionId};
  |                     ^^^^^^^  ^^^^^^^^^

warning: unused import: `error`
 --> crates/beyonder-terminal/src/pty.rs:9:15
  |
9 | use tracing::{error, info};
  |               ^^^^^
  |
  = note: `#[warn(unused_imports)]` (part of `#[warn(unused)]`) on by default

warning: field `child` is never read
  --> crates/beyonder-terminal/src/pty.rs:26:5
   |
21 | pub struct PtySession {
   |            ---------- field in this struct
...
26 |     child: Arc<Mutex<Box<dyn Child + Send + Sync>>>,
   |     ^^^^^
   |
   = note: `#[warn(dead_code)]` (part of `#[warn(unused)]`) on by default

warning: `beyonder-runtime` (lib) generated 2 warnings (run `cargo fix --lib -p beyonder-runtime` to apply 2 suggestions)
warning: `beyonder-terminal` (lib) generated 2 warnings (run `cargo fix --lib -p beyonder-terminal` to apply 1 suggestion)
warning: unused import: `AgentId`
 --> crates/beyonder-gpu/src/renderer.rs:5:21
  |
5 | use beyonder_core::{AgentId, Block, BlockContent, BlockKind, BlockStatus, TuiCell};
  |                     ^^^^^^^
  |
  = note: `#[warn(unused_imports)]` (part of `#[warn(unused)]`) on by default

warning: unused imports: `BlockKind` and `BlockStatus`
 --> crates/beyonder-gpu/src/block_renderers/mod.rs:5:42
  |
5 | use beyonder_core::{Block, BlockContent, BlockKind, BlockStatus};
  |                                          ^^^^^^^^^  ^^^^^^^^^^^

warning: unused variable: `block`
   --> crates/beyonder-gpu/src/block_renderers/mod.rs:116:5
    |
116 |     block: &Block,
    |     ^^^^^ help: if this is intentional, prefix it with an underscore: `_block`
    |
    = note: `#[warn(unused_variables)]` (part of `#[warn(unused)]`) on by default

   Compiling beyonder-ui v0.1.0 (/Users/petersubrata/Projects/Beyonder/crates/beyonder-ui)
warning: unused imports: `TerminalCell`, `TerminalOutput`, and `TerminalRow`
 --> crates/beyonder-ui/src/app.rs:6:5
  |
6 |     TerminalCell, TerminalOutput, TerminalRow,
  |     ^^^^^^^^^^^^  ^^^^^^^^^^^^^^  ^^^^^^^^^^^
  |
  = note: `#[warn(unused_imports)]` (part of `#[warn(unused)]`) on by default

warning: unused import: `ApprovalDecision`
  --> crates/beyonder-ui/src/app.rs:12:25
   |
12 |     capability_broker::{ApprovalDecision, BrokerEvent, CapabilityBroker},
   |                         ^^^^^^^^^^^^^^^^

warning: unused variable: `pill_idx`
   --> crates/beyonder-ui/src/app.rs:398:34
    |
398 |                     if let Some((pill_idx, ref items, ref mut h)) = self.renderer.open_dropdown {
    |                                  ^^^^^^^^ help: if this is intentional, prefix it with an underscore: `_pill_idx`
    |
    = note: `#[warn(unused_variables)]` (part of `#[warn(unused)]`) on by default

warning: unused variable: `items`
   --> crates/beyonder-ui/src/app.rs:398:44
    |
398 |                     if let Some((pill_idx, ref items, ref mut h)) = self.renderer.open_dropdown {
    |                                            ^^^^^^^^^ help: if this is intentional, prefix it with an underscore: `_items`

warning: variable does not need to be mutable
    --> crates/beyonder-ui/src/app.rs:1157:13
     |
1157 |         let mut block = Block {
     |             ----^^^^^
     |             |
     |             help: remove this `mut`
     |
     = note: `#[warn(unused_mut)]` (part of `#[warn(unused)]`) on by default

warning: `beyonder-gpu` (lib) generated 3 warnings (run `cargo fix --lib -p beyonder-gpu` to apply 3 suggestions)
warning: `beyonder-ui` (lib) generated 5 warnings (run `cargo fix --lib -p beyonder-ui` to apply 5 suggestions)
   Compiling beyonder v0.1.0 (/Users/petersubrata/Projects/Beyonder)
    Finished `dev` profile [optimized + debuginfo] target(s) in 3.07s
     Running `target/debug/beyonder`
